<?xml version="1.0" encoding="UTF-8"?>
<!-- Generated by org.testng.reporters.JUnitReportReporter -->
<testsuite hostname="DESKTOP-I31QPDV" failures="0" tests="1" name="testNGclasses.ServiceContact" time="57.171" errors="0" timestamp="2021-08-12T10:56:07 UYT" skipped="0">
  <testcase classname="testNGclasses.ServiceContact" name="tcPositiveNewTabCreateContact" time="57.171"/>
  <system-out/>
</testsuite> <!-- testNGclasses.ServiceContact -->
