<?xml version="1.0" encoding="UTF-8"?>
<!-- Generated by org.testng.reporters.JUnitReportReporter -->
<testsuite hostname="DESKTOP-I31QPDV" failures="0" tests="1" name="cucumberOptions.TestRunner" time="94.756" errors="0" timestamp="30 Jul 2021 15:55:22 GMT">
  <testcase classname="cucumberOptions.TestRunner" name="feature" time="94.756"/>
</testsuite> <!-- cucumberOptions.TestRunner -->
