<?xml version="1.0" encoding="UTF-8"?>
<!-- Generated by org.testng.reporters.JUnitReportReporter -->
<testsuite hostname="DESKTOP-I31QPDV" failures="0" tests="3" name="cucumberOptions.TestRunner" time="301.688" errors="0" timestamp="30 Jul 2021 20:58:30 GMT">
  <testcase classname="cucumberOptions.TestRunner" name="feature" time="41.171"/>
  <testcase classname="cucumberOptions.TestRunner" name="feature" time="39.804"/>
  <testcase classname="cucumberOptions.TestRunner" name="feature" time="220.713"/>
</testsuite> <!-- cucumberOptions.TestRunner -->
