<?xml version="1.0" encoding="UTF-8"?>
<!-- Generated by org.testng.reporters.JUnitReportReporter -->
<testsuite hostname="DESKTOP-I31QPDV" failures="0" tests="1" name="testNGclasses.Service" time="29.341" errors="0" timestamp="2021-08-11T15:54:29 UYT" skipped="0">
  <testcase classname="testNGclasses.Service" name="user_clicks_every_tab_click_new_and_cancel_if_applies" time="29.341"/>
  <system-out/>
</testsuite> <!-- testNGclasses.Service -->
