<?xml version="1.0" encoding="UTF-8"?>
<!-- Generated by org.testng.reporters.JUnitReportReporter -->
<testsuite hostname="DESKTOP-I31QPDV" failures="0" tests="1" name="cucumberOptions.TestRunner" time="38.351" errors="0" timestamp="28 Jul 2021 15:21:08 GMT">
  <testcase classname="cucumberOptions.TestRunner" name="feature" time="38.351"/>
</testsuite> <!-- cucumberOptions.TestRunner -->
