<?xml version="1.0" encoding="UTF-8"?>
<!-- Generated by org.testng.reporters.JUnitReportReporter -->
<testsuite hostname="DESKTOP-I31QPDV" failures="0" tests="1" name="cucumberOptions.TestRunner" time="91.524" errors="0" timestamp="30 Jul 2021 19:55:33 GMT">
  <testcase classname="cucumberOptions.TestRunner" name="feature" time="91.524"/>
</testsuite> <!-- cucumberOptions.TestRunner -->
