<?xml version="1.0" encoding="UTF-8"?>
<!-- Generated by org.testng.reporters.JUnitReportReporter -->
<testsuite hostname="DESKTOP-I31QPDV" failures="0" tests="1" name="cucumberOptions.TestRunner" time="73.907" errors="0" timestamp="30 Jul 2021 20:16:55 GMT">
  <testcase classname="cucumberOptions.TestRunner" name="feature" time="73.907"/>
</testsuite> <!-- cucumberOptions.TestRunner -->
